Traceback (most recent call last):
  File "/scratch/eo41/mae/train_mae.py", line 28, in <module>
Traceback (most recent call last):
  File "/scratch/eo41/mae/train_mae.py", line 28, in <module>
    import timm
  File "/scratch/eo41/miniconda3/lib/python3.9/site-packages/timm/__init__.py", line 2, in <module>
    import timm
  File "/scratch/eo41/miniconda3/lib/python3.9/site-packages/timm/__init__.py", line 2, in <module>
    from .models import create_model, list_models, is_model, list_modules, model_entrypoint, \
  File "/scratch/eo41/miniconda3/lib/python3.9/site-packages/timm/models/__init__.py", line 1, in <module>
    from .models import create_model, list_models, is_model, list_modules, model_entrypoint, \
  File "/scratch/eo41/miniconda3/lib/python3.9/site-packages/timm/models/__init__.py", line 1, in <module>
    from .cspnet import *
  File "/scratch/eo41/miniconda3/lib/python3.9/site-packages/timm/models/cspnet.py", line 20, in <module>
    from .cspnet import *
  File "/scratch/eo41/miniconda3/lib/python3.9/site-packages/timm/models/cspnet.py", line 20, in <module>
    from .helpers import build_model_with_cfg
  File "/scratch/eo41/miniconda3/lib/python3.9/site-packages/timm/models/helpers.py", line 17, in <module>
    from .helpers import build_model_with_cfg
  File "/scratch/eo41/miniconda3/lib/python3.9/site-packages/timm/models/helpers.py", line 17, in <module>
    from .layers import Conv2dSame, Linear
  File "/scratch/eo41/miniconda3/lib/python3.9/site-packages/timm/models/layers/__init__.py", line 7, in <module>
    from .layers import Conv2dSame, Linear
  File "/scratch/eo41/miniconda3/lib/python3.9/site-packages/timm/models/layers/__init__.py", line 7, in <module>
    from .cond_conv2d import CondConv2d, get_condconv_initializer
  File "/scratch/eo41/miniconda3/lib/python3.9/site-packages/timm/models/layers/cond_conv2d.py", line 16, in <module>
    from .cond_conv2d import CondConv2d, get_condconv_initializer
  File "/scratch/eo41/miniconda3/lib/python3.9/site-packages/timm/models/layers/cond_conv2d.py", line 16, in <module>
    from .helpers import to_2tuple
  File "/scratch/eo41/miniconda3/lib/python3.9/site-packages/timm/models/layers/helpers.py", line 6, in <module>
    from .helpers import to_2tuple
  File "/scratch/eo41/miniconda3/lib/python3.9/site-packages/timm/models/layers/helpers.py", line 6, in <module>
    from torch._six import container_abcs
    from torch._six import container_abcs
ImportError: cannot import name 'container_abcs' from 'torch._six' (/scratch/eo41/miniconda3/lib/python3.9/site-packages/torch/_six.py)
ImportError: cannot import name 'container_abcs' from 'torch._six' (/scratch/eo41/miniconda3/lib/python3.9/site-packages/torch/_six.py)
srun: error: ga007: tasks 0-1: Exited with exit code 1
srun: launch/slurm: _step_signal: Terminating StepId=24600657.0
Done
